3 03/22 08:51:06 interface
9 03/22 08:51:06 interface
16 03/22 08:51:06 interface
22 03/22 08:51:06 interface
27 03/22 08:51:06 interface
33 03/22 08:51:06 interface
41 03/22 08:51:06 interface
45 03/22 08:51:06 ready
62 03/22 08:52:50 Session=9.67.116.99:1047:6
66 03/22 08:52:50 local
68 03/22 08:52:50 source
69 03/22 08:52:50 out
70 03/22 08:52:50 gateway:
71 03/22 08:52:50 route
73 03/22 08:52:50 found
75 03/22 08:52:50 Session=9.67.116.99:1047:6
136 03/22 08:52:51 new
139 03/22 08:52:51 constructing
140 03/22 08:52:51 started
142 03/22 08:52:51 entering
143 03/22 08:52:51 sending
144 03/22 08:52:51 sending
146 03/22 08:52:51 received
147 03/22 08:52:51 v=1,flg=0,type=2,cksm=54875,ttl=255,rsv=0,len=84
148 03/22 08:52:51 STYLE
150 03/22 08:52:51 Session=9.67.116.99:1047:6
153 03/22 08:52:51 is
174 03/22 08:52:52 tc
178 03/22 08:52:52 constructing
179 03/22 08:52:52 stopped
180 03/22 08:52:52 Stop
181 03/22 08:52:52 started
182 03/22 08:52:52 Start
184 03/22 08:52:52 entering
187 03/22 08:53:07 T1
189 03/22 08:53:07 source
190 03/22 08:53:07 out
191 03/22 08:53:07 gateway:
192 03/22 08:53:07 route
194 03/22 08:53:07 constructing
195 03/22 08:53:07 started
196 03/22 08:53:07 reentering
197 03/22 08:53:07 sending
199 03/22 08:53:22 received
200 03/22 08:53:22 v=1,flg=0,type=2,cksm=54875,ttl=255,rsv=0,len=84
